<?xml version="1.0" encoding="UTF-8"?>
<testsuite xmlns:xsi="http://www.w3.org/2001/XMLSchema-instance" xsi:noNamespaceSchemaLocation="https://maven.apache.org/surefire/maven-surefire-plugin/xsd/surefire-test-report.xsd" name="org.pahappa.systems.AppTest" time="0.047" tests="1" errors="0" skipped="0" failures="0">
  <properties>
    <property name="sun.desktop" value="windows"/>
    <property name="awt.toolkit" value="sun.awt.windows.WToolkit"/>
    <property name="file.encoding.pkg" value="sun.io"/>
    <property name="java.specification.version" value="1.8"/>
    <property name="sun.cpu.isalist" value="amd64"/>
    <property name="sun.jnu.encoding" value="Cp1252"/>
    <property name="java.class.path" value="C:\Users\Eng.Ivan\Desktop\FMS\fms-models\target\test-classes;C:\Users\Eng.Ivan\Desktop\FMS\fms-models\target\classes;C:\Users\Eng.Ivan\.m2\repository\junit\junit\4.11\junit-4.11.jar;C:\Users\Eng.Ivan\.m2\repository\org\hamcrest\hamcrest-core\1.3\hamcrest-core-1.3.jar;C:\Users\Eng.Ivan\.m2\repository\org\hibernate\javax\persistence\hibernate-jpa-2.1-api\1.0.0.Final\hibernate-jpa-2.1-api-1.0.0.Final.jar;C:\Users\Eng.Ivan\.m2\repository\org\hibernate\hibernate-annotations\3.5.6-Final\hibernate-annotations-3.5.6-Final.jar;C:\Users\Eng.Ivan\.m2\repository\org\hibernate\hibernate-core\3.5.6-Final\hibernate-core-3.5.6-Final.jar;C:\Users\Eng.Ivan\.m2\repository\antlr\antlr\2.7.6\antlr-2.7.6.jar;C:\Users\Eng.Ivan\.m2\repository\commons-collections\commons-collections\3.1\commons-collections-3.1.jar;C:\Users\Eng.Ivan\.m2\repository\dom4j\dom4j\1.6.1\dom4j-1.6.1.jar;C:\Users\Eng.Ivan\.m2\repository\xml-apis\xml-apis\1.0.b2\xml-apis-1.0.b2.jar;C:\Users\Eng.Ivan\.m2\repository\javax\transaction\jta\1.1\jta-1.1.jar;C:\Users\Eng.Ivan\.m2\repository\org\hibernate\hibernate-commons-annotations\3.2.0.Final\hibernate-commons-annotations-3.2.0.Final.jar;C:\Users\Eng.Ivan\.m2\repository\org\hibernate\javax\persistence\hibernate-jpa-2.0-api\1.0.0.Final\hibernate-jpa-2.0-api-1.0.0.Final.jar;C:\Users\Eng.Ivan\.m2\repository\org\sers\webutils\webutils\1.0-SNAPSHOT\webutils-1.0-SNAPSHOT.jar;C:\Users\Eng.Ivan\.m2\repository\org\json\json\20080701\json-20080701.jar;C:\Users\Eng.Ivan\.m2\repository\javax\servlet\jstl\1.2\jstl-1.2.jar;C:\Users\Eng.Ivan\.m2\repository\com\google\guava\guava\18.0\guava-18.0.jar;C:\Users\Eng.Ivan\.m2\repository\org\apache\httpcomponents\httpclient\4.3.6\httpclient-4.3.6.jar;C:\Users\Eng.Ivan\.m2\repository\org\apache\httpcomponents\httpcore\4.3.3\httpcore-4.3.3.jar;C:\Users\Eng.Ivan\.m2\repository\commons-logging\commons-logging\1.1.3\commons-logging-1.1.3.jar;C:\Users\Eng.Ivan\.m2\repository\commons-codec\commons-codec\1.6\commons-codec-1.6.jar;C:\Users\Eng.Ivan\.m2\repository\commons-lang\commons-lang\2.5\commons-lang-2.5.jar;C:\Users\Eng.Ivan\.m2\repository\org\apache\commons\commons-lang3\3.3.2\commons-lang3-3.3.2.jar;C:\Users\Eng.Ivan\.m2\repository\org\apache\commons\commons-collections4\4.0\commons-collections4-4.0.jar;"/>
    <property name="java.vm.vendor" value="Oracle Corporation"/>
    <property name="sun.arch.data.model" value="64"/>
    <property name="user.variant" value=""/>
    <property name="java.vendor.url" value="http://java.oracle.com/"/>
    <property name="user.timezone" value="Asia/Beirut"/>
    <property name="java.vm.specification.version" value="1.8"/>
    <property name="os.name" value="Windows 10"/>
    <property name="user.country" value="US"/>
    <property name="sun.java.launcher" value="SUN_STANDARD"/>
    <property name="sun.boot.library.path" value="C:\Program Files\Java\jdk1.8.0_191\jre\bin"/>
    <property name="sun.java.command" value="C:\Users\ENG~1.IVA\AppData\Local\Temp\surefire1165960854837000892\surefirebooter7546511148062688525.jar C:\Users\Eng.Ivan\AppData\Local\Temp\surefire1165960854837000892 2020-10-18T07-15-41_854-jvmRun1 surefire5033281278117007500tmp surefire_08533254523895259424tmp"/>
    <property name="surefire.test.class.path" value="C:\Users\Eng.Ivan\Desktop\FMS\fms-models\target\test-classes;C:\Users\Eng.Ivan\Desktop\FMS\fms-models\target\classes;C:\Users\Eng.Ivan\.m2\repository\junit\junit\4.11\junit-4.11.jar;C:\Users\Eng.Ivan\.m2\repository\org\hamcrest\hamcrest-core\1.3\hamcrest-core-1.3.jar;C:\Users\Eng.Ivan\.m2\repository\org\hibernate\javax\persistence\hibernate-jpa-2.1-api\1.0.0.Final\hibernate-jpa-2.1-api-1.0.0.Final.jar;C:\Users\Eng.Ivan\.m2\repository\org\hibernate\hibernate-annotations\3.5.6-Final\hibernate-annotations-3.5.6-Final.jar;C:\Users\Eng.Ivan\.m2\repository\org\hibernate\hibernate-core\3.5.6-Final\hibernate-core-3.5.6-Final.jar;C:\Users\Eng.Ivan\.m2\repository\antlr\antlr\2.7.6\antlr-2.7.6.jar;C:\Users\Eng.Ivan\.m2\repository\commons-collections\commons-collections\3.1\commons-collections-3.1.jar;C:\Users\Eng.Ivan\.m2\repository\dom4j\dom4j\1.6.1\dom4j-1.6.1.jar;C:\Users\Eng.Ivan\.m2\repository\xml-apis\xml-apis\1.0.b2\xml-apis-1.0.b2.jar;C:\Users\Eng.Ivan\.m2\repository\javax\transaction\jta\1.1\jta-1.1.jar;C:\Users\Eng.Ivan\.m2\repository\org\hibernate\hibernate-commons-annotations\3.2.0.Final\hibernate-commons-annotations-3.2.0.Final.jar;C:\Users\Eng.Ivan\.m2\repository\org\hibernate\javax\persistence\hibernate-jpa-2.0-api\1.0.0.Final\hibernate-jpa-2.0-api-1.0.0.Final.jar;C:\Users\Eng.Ivan\.m2\repository\org\sers\webutils\webutils\1.0-SNAPSHOT\webutils-1.0-SNAPSHOT.jar;C:\Users\Eng.Ivan\.m2\repository\org\json\json\20080701\json-20080701.jar;C:\Users\Eng.Ivan\.m2\repository\javax\servlet\jstl\1.2\jstl-1.2.jar;C:\Users\Eng.Ivan\.m2\repository\com\google\guava\guava\18.0\guava-18.0.jar;C:\Users\Eng.Ivan\.m2\repository\org\apache\httpcomponents\httpclient\4.3.6\httpclient-4.3.6.jar;C:\Users\Eng.Ivan\.m2\repository\org\apache\httpcomponents\httpcore\4.3.3\httpcore-4.3.3.jar;C:\Users\Eng.Ivan\.m2\repository\commons-logging\commons-logging\1.1.3\commons-logging-1.1.3.jar;C:\Users\Eng.Ivan\.m2\repository\commons-codec\commons-codec\1.6\commons-codec-1.6.jar;C:\Users\Eng.Ivan\.m2\repository\commons-lang\commons-lang\2.5\commons-lang-2.5.jar;C:\Users\Eng.Ivan\.m2\repository\org\apache\commons\commons-lang3\3.3.2\commons-lang3-3.3.2.jar;C:\Users\Eng.Ivan\.m2\repository\org\apache\commons\commons-collections4\4.0\commons-collections4-4.0.jar;"/>
    <property name="sun.cpu.endian" value="little"/>
    <property name="user.home" value="C:\Users\Eng.Ivan"/>
    <property name="user.language" value="en"/>
    <property name="java.specification.vendor" value="Oracle Corporation"/>
    <property name="java.home" value="C:\Program Files\Java\jdk1.8.0_191\jre"/>
    <property name="basedir" value="C:\Users\Eng.Ivan\Desktop\FMS\fms-models"/>
    <property name="file.separator" value="\"/>
    <property name="line.separator" value="&#10;"/>
    <property name="java.vm.specification.vendor" value="Oracle Corporation"/>
    <property name="java.specification.name" value="Java Platform API Specification"/>
    <property name="java.awt.graphicsenv" value="sun.awt.Win32GraphicsEnvironment"/>
    <property name="surefire.real.class.path" value="C:\Users\ENG~1.IVA\AppData\Local\Temp\surefire1165960854837000892\surefirebooter7546511148062688525.jar"/>
    <property name="sun.boot.class.path" value="C:\Program Files\Java\jdk1.8.0_191\jre\lib\resources.jar;C:\Program Files\Java\jdk1.8.0_191\jre\lib\rt.jar;C:\Program Files\Java\jdk1.8.0_191\jre\lib\sunrsasign.jar;C:\Program Files\Java\jdk1.8.0_191\jre\lib\jsse.jar;C:\Program Files\Java\jdk1.8.0_191\jre\lib\jce.jar;C:\Program Files\Java\jdk1.8.0_191\jre\lib\charsets.jar;C:\Program Files\Java\jdk1.8.0_191\jre\lib\jfr.jar;C:\Program Files\Java\jdk1.8.0_191\jre\classes"/>
    <property name="user.script" value=""/>
    <property name="sun.management.compiler" value="HotSpot 64-Bit Tiered Compilers"/>
    <property name="java.runtime.version" value="1.8.0_191-b12"/>
    <property name="user.name" value="Eng.Ivan"/>
    <property name="path.separator" value=";"/>
    <property name="os.version" value="10.0"/>
    <property name="java.endorsed.dirs" value="C:\Program Files\Java\jdk1.8.0_191\jre\lib\endorsed"/>
    <property name="java.runtime.name" value="Java(TM) SE Runtime Environment"/>
    <property name="file.encoding" value="Cp1252"/>
    <property name="java.vm.name" value="Java HotSpot(TM) 64-Bit Server VM"/>
    <property name="localRepository" value="C:\Users\Eng.Ivan\.m2\repository"/>
    <property name="java.vendor.url.bug" value="http://bugreport.sun.com/bugreport/"/>
    <property name="java.io.tmpdir" value="C:\Users\ENG~1.IVA\AppData\Local\Temp\"/>
    <property name="java.version" value="1.8.0_191"/>
    <property name="user.dir" value="C:\Users\Eng.Ivan\Desktop\FMS\fms-models"/>
    <property name="os.arch" value="amd64"/>
    <property name="java.vm.specification.name" value="Java Virtual Machine Specification"/>
    <property name="java.awt.printerjob" value="sun.awt.windows.WPrinterJob"/>
    <property name="sun.os.patch.level" value=""/>
    <property name="java.library.path" value="C:\Program Files\Java\jdk1.8.0_191\jre\bin;C:\Windows\Sun\Java\bin;C:\Windows\system32;C:\Windows;C:\Program Files (x86)\NVIDIA Corporation\PhysX\Common;C:\Program Files (x86)\Common Files\Oracle\Java\javapath;C:\Windows\system32;C:\Windows;C:\Windows\System32\Wbem;C:\Windows\System32\WindowsPowerShell\v1.0\;C:\Windows\System32\OpenSSH\;C:\Program Files\Git\cmd;C:\Program Files\MySQL\MySQL Server 5.5\bin;C:\Users\Eng.Ivan\AppData\Local\Programs\Python\Python37-32\Scripts\;C:\Users\Eng.Ivan\AppData\Local\Programs\Python\Python37-32\;C:\Users\Eng.Ivan\AppData\Local\Microsoft\WindowsApps;C:\Users\Eng.Ivan\Documents\apache-maven-3.6.3\bin;;C:\Program Files\JetBrains\IntelliJ IDEA 2019.3.2\bin;;."/>
    <property name="idea.version2019.3.2" value="true"/>
    <property name="java.vm.info" value="mixed mode"/>
    <property name="java.vendor" value="Oracle Corporation"/>
    <property name="java.vm.version" value="25.191-b12"/>
    <property name="java.ext.dirs" value="C:\Program Files\Java\jdk1.8.0_191\jre\lib\ext;C:\Windows\Sun\Java\lib\ext"/>
    <property name="sun.io.unicode.encoding" value="UnicodeLittle"/>
    <property name="java.class.version" value="52.0"/>
  </properties>
  <testcase name="shouldAnswerWithTrue" classname="org.pahappa.systems.AppTest" time="0"/>
</testsuite>