<?xml version="1.0" encoding="UTF-8"?>
<testsuite xmlns:xsi="http://www.w3.org/2001/XMLSchema-instance" xsi:noNamespaceSchemaLocation="https://maven.apache.org/surefire/maven-surefire-plugin/xsd/surefire-test-report.xsd" name="org.pahappa.systems.AppTest" time="0.203" tests="1" errors="0" skipped="0" failures="0">
  <properties>
    <property name="sun.desktop" value="windows"/>
    <property name="awt.toolkit" value="sun.awt.windows.WToolkit"/>
    <property name="file.encoding.pkg" value="sun.io"/>
    <property name="java.specification.version" value="1.8"/>
    <property name="sun.cpu.isalist" value="amd64"/>
    <property name="sun.jnu.encoding" value="Cp1252"/>
    <property name="java.class.path" value="C:\Users\Eng.Ivan\Desktop\FMS\fms-services\target\test-classes;C:\Users\Eng.Ivan\Desktop\FMS\fms-services\target\classes;C:\Users\Eng.Ivan\.m2\repository\junit\junit\4.11\junit-4.11.jar;C:\Users\Eng.Ivan\.m2\repository\org\hamcrest\hamcrest-core\1.3\hamcrest-core-1.3.jar;C:\Users\Eng.Ivan\.m2\repository\com\squareup\okhttp3\okhttp\3.4.2\okhttp-3.4.2.jar;C:\Users\Eng.Ivan\.m2\repository\com\squareup\okio\okio\1.9.0\okio-1.9.0.jar;C:\Users\Eng.Ivan\.m2\repository\org\sers\webutils\webutils\1.0-SNAPSHOT\webutils-1.0-SNAPSHOT.jar;C:\Users\Eng.Ivan\.m2\repository\org\pahappa\systems\fms-models\1.0-SNAPSHOT\fms-models-1.0-SNAPSHOT.jar;C:\Users\Eng.Ivan\.m2\repository\org\hibernate\javax\persistence\hibernate-jpa-2.1-api\1.0.0.Final\hibernate-jpa-2.1-api-1.0.0.Final.jar;C:\Users\Eng.Ivan\.m2\repository\org\apache\commons\commons-lang3\3.3.2\commons-lang3-3.3.2.jar;C:\Users\Eng.Ivan\.m2\repository\org\apache\commons\commons-collections4\4.0\commons-collections4-4.0.jar;C:\Users\Eng.Ivan\.m2\repository\org\springframework\spring-core\3.1.1.RELEASE\spring-core-3.1.1.RELEASE.jar;C:\Users\Eng.Ivan\.m2\repository\org\springframework\spring-asm\3.1.1.RELEASE\spring-asm-3.1.1.RELEASE.jar;C:\Users\Eng.Ivan\.m2\repository\org\springframework\spring-context\3.1.1.RELEASE\spring-context-3.1.1.RELEASE.jar;C:\Users\Eng.Ivan\.m2\repository\org\springframework\spring-aop\3.1.1.RELEASE\spring-aop-3.1.1.RELEASE.jar;C:\Users\Eng.Ivan\.m2\repository\org\springframework\spring-beans\3.1.1.RELEASE\spring-beans-3.1.1.RELEASE.jar;C:\Users\Eng.Ivan\.m2\repository\org\springframework\spring-expression\3.1.1.RELEASE\spring-expression-3.1.1.RELEASE.jar;C:\Users\Eng.Ivan\.m2\repository\org\springframework\spring-context-support\3.1.1.RELEASE\spring-context-support-3.1.1.RELEASE.jar;C:\Users\Eng.Ivan\.m2\repository\org\springframework\spring-orm\3.1.1.RELEASE\spring-orm-3.1.1.RELEASE.jar;C:\Users\Eng.Ivan\.m2\repository\org\springframework\spring-jdbc\3.1.1.RELEASE\spring-jdbc-3.1.1.RELEASE.jar;C:\Users\Eng.Ivan\.m2\repository\org\springframework\spring-tx\3.1.1.RELEASE\spring-tx-3.1.1.RELEASE.jar;C:\Users\Eng.Ivan\.m2\repository\org\springframework\security\spring-security-core\3.0.5.RELEASE\spring-security-core-3.0.5.RELEASE.jar;C:\Users\Eng.Ivan\.m2\repository\org\aspectj\aspectjrt\1.6.8\aspectjrt-1.6.8.jar;C:\Users\Eng.Ivan\.m2\repository\org\aspectj\aspectjweaver\1.6.8\aspectjweaver-1.6.8.jar;C:\Users\Eng.Ivan\.m2\repository\org\springframework\security\spring-security-config\3.0.5.RELEASE\spring-security-config-3.0.5.RELEASE.jar;C:\Users\Eng.Ivan\.m2\repository\org\springframework\spring-webmvc\3.1.1.RELEASE\spring-webmvc-3.1.1.RELEASE.jar;C:\Users\Eng.Ivan\.m2\repository\org\springframework\spring-web\3.1.1.RELEASE\spring-web-3.1.1.RELEASE.jar;C:\Users\Eng.Ivan\.m2\repository\aopalliance\aopalliance\1.0\aopalliance-1.0.jar;C:\Users\Eng.Ivan\.m2\repository\org\hibernate\hibernate-entitymanager\3.5.6-Final\hibernate-entitymanager-3.5.6-Final.jar;C:\Users\Eng.Ivan\.m2\repository\org\hibernate\hibernate-core\3.5.6-Final\hibernate-core-3.5.6-Final.jar;C:\Users\Eng.Ivan\.m2\repository\antlr\antlr\2.7.6\antlr-2.7.6.jar;C:\Users\Eng.Ivan\.m2\repository\dom4j\dom4j\1.6.1\dom4j-1.6.1.jar;C:\Users\Eng.Ivan\.m2\repository\xml-apis\xml-apis\1.0.b2\xml-apis-1.0.b2.jar;C:\Users\Eng.Ivan\.m2\repository\javax\transaction\jta\1.1\jta-1.1.jar;C:\Users\Eng.Ivan\.m2\repository\org\hibernate\hibernate-c3p0\3.5.6-Final\hibernate-c3p0-3.5.6-Final.jar;C:\Users\Eng.Ivan\.m2\repository\c3p0\c3p0\0.9.1\c3p0-0.9.1.jar;C:\Users\Eng.Ivan\.m2\repository\javax\validation\validation-api\1.1.0.Final\validation-api-1.1.0.Final.jar;C:\Users\Eng.Ivan\.m2\repository\org\hibernate\hibernate-validator\5.0.1.Final\hibernate-validator-5.0.1.Final.jar;C:\Users\Eng.Ivan\.m2\repository\org\jboss\logging\jboss-logging\3.1.1.GA\jboss-logging-3.1.1.GA.jar;C:\Users\Eng.Ivan\.m2\repository\com\fasterxml\classmate\0.8.0\classmate-0.8.0.jar;C:\Users\Eng.Ivan\.m2\repository\org\hibernate\javax\persistence\hibernate-jpa-2.0-api\1.0.0.Final\hibernate-jpa-2.0-api-1.0.0.Final.jar;C:\Users\Eng.Ivan\.m2\repository\org\hibernate\hibernate-annotations\3.5.6-Final\hibernate-annotations-3.5.6-Final.jar;C:\Users\Eng.Ivan\.m2\repository\org\hibernate\hibernate-commons-annotations\3.2.0.Final\hibernate-commons-annotations-3.2.0.Final.jar;C:\Users\Eng.Ivan\.m2\repository\net\sf\ehcache\ehcache-core\2.3.1\ehcache-core-2.3.1.jar;C:\Users\Eng.Ivan\.m2\repository\javassist\javassist\3.12.1.GA\javassist-3.12.1.GA.jar;C:\Users\Eng.Ivan\.m2\repository\org\apache\poi\poi-ooxml\4.1.0\poi-ooxml-4.1.0.jar;C:\Users\Eng.Ivan\.m2\repository\org\apache\poi\poi\4.1.0\poi-4.1.0.jar;C:\Users\Eng.Ivan\.m2\repository\org\apache\commons\commons-math3\3.6.1\commons-math3-3.6.1.jar;C:\Users\Eng.Ivan\.m2\repository\org\apache\poi\poi-ooxml-schemas\4.1.0\poi-ooxml-schemas-4.1.0.jar;C:\Users\Eng.Ivan\.m2\repository\org\apache\xmlbeans\xmlbeans\3.1.0\xmlbeans-3.1.0.jar;C:\Users\Eng.Ivan\.m2\repository\org\apache\commons\commons-compress\1.18\commons-compress-1.18.jar;C:\Users\Eng.Ivan\.m2\repository\com\github\virtuald\curvesapi\1.06\curvesapi-1.06.jar;C:\Users\Eng.Ivan\.m2\repository\commons-validator\commons-validator\1.4.0\commons-validator-1.4.0.jar;C:\Users\Eng.Ivan\.m2\repository\commons-beanutils\commons-beanutils\1.8.3\commons-beanutils-1.8.3.jar;C:\Users\Eng.Ivan\.m2\repository\commons-digester\commons-digester\1.8\commons-digester-1.8.jar;C:\Users\Eng.Ivan\.m2\repository\org\aspectj\aspectjtools\1.6.2\aspectjtools-1.6.2.jar;C:\Users\Eng.Ivan\.m2\repository\com\googlecode\genericdao\dao\1.1.0\dao-1.1.0.jar;C:\Users\Eng.Ivan\.m2\repository\com\googlecode\genericdao\dao-hibernate\1.0.0\dao-hibernate-1.0.0.jar;C:\Users\Eng.Ivan\.m2\repository\com\googlecode\genericdao\search-hibernate\1.0.0\search-hibernate-1.0.0.jar;C:\Users\Eng.Ivan\.m2\repository\com\googlecode\genericdao\search\1.1.0\search-1.1.0.jar;C:\Users\Eng.Ivan\.m2\repository\commons-lang\commons-lang\2.5\commons-lang-2.5.jar;C:\Users\Eng.Ivan\.m2\repository\commons-logging\commons-logging\1.1.1\commons-logging-1.1.1.jar;C:\Users\Eng.Ivan\.m2\repository\commons-collections\commons-collections\3.1\commons-collections-3.1.jar;C:\Users\Eng.Ivan\.m2\repository\commons-io\commons-io\1.4\commons-io-1.4.jar;C:\Users\Eng.Ivan\.m2\repository\com\thoughtworks\xstream\xstream\1.3.1\xstream-1.3.1.jar;C:\Users\Eng.Ivan\.m2\repository\xpp3\xpp3_min\1.1.4c\xpp3_min-1.1.4c.jar;C:\Users\Eng.Ivan\.m2\repository\net\sourceforge\jtds\jtds\1.2.4\jtds-1.2.4.jar;C:\Users\Eng.Ivan\.m2\repository\org\dbunit\dbunit\2.4.8\dbunit-2.4.8.jar;C:\Users\Eng.Ivan\.m2\repository\org\hsqldb\hsqldb\2.2.8\hsqldb-2.2.8.jar;C:\Users\Eng.Ivan\.m2\repository\org\springframework\spring-test\3.1.1.RELEASE\spring-test-3.1.1.RELEASE.jar;C:\Users\Eng.Ivan\.m2\repository\org\easymock\easymock\3.0\easymock-3.0.jar;C:\Users\Eng.Ivan\.m2\repository\cglib\cglib-nodep\2.2\cglib-nodep-2.2.jar;C:\Users\Eng.Ivan\.m2\repository\org\objenesis\objenesis\1.2\objenesis-1.2.jar;C:\Users\Eng.Ivan\.m2\repository\javax\mail\mail\1.4\mail-1.4.jar;C:\Users\Eng.Ivan\.m2\repository\javax\activation\activation\1.1\activation-1.1.jar;C:\Users\Eng.Ivan\.m2\repository\cglib\cglib\2.2.2\cglib-2.2.2.jar;C:\Users\Eng.Ivan\.m2\repository\asm\asm\3.3.1\asm-3.3.1.jar;C:\Users\Eng.Ivan\.m2\repository\org\liquibase\liquibase-core\1.9.5\liquibase-core-1.9.5.jar;C:\Users\Eng.Ivan\.m2\repository\org\liquibase\ext\liquibase-hibernate\2.0.0\liquibase-hibernate-2.0.0.jar;C:\Users\Eng.Ivan\.m2\repository\org\liquibase\liquibase-maven-plugin\2.0.0\liquibase-maven-plugin-2.0.0.jar;C:\Users\Eng.Ivan\.m2\repository\org\apache\maven\maven-plugin-api\2.0\maven-plugin-api-2.0.jar;C:\Users\Eng.Ivan\.m2\repository\org\apache\maven\maven-project\2.0\maven-project-2.0.jar;C:\Users\Eng.Ivan\.m2\repository\org\apache\maven\maven-profile\2.0\maven-profile-2.0.jar;C:\Users\Eng.Ivan\.m2\repository\org\apache\maven\maven-model\2.0\maven-model-2.0.jar;C:\Users\Eng.Ivan\.m2\repository\org\apache\maven\maven-artifact-manager\2.0\maven-artifact-manager-2.0.jar;C:\Users\Eng.Ivan\.m2\repository\org\apache\maven\maven-repository-metadata\2.0\maven-repository-metadata-2.0.jar;C:\Users\Eng.Ivan\.m2\repository\org\apache\maven\wagon\wagon-provider-api\1.0-alpha-5\wagon-provider-api-1.0-alpha-5.jar;C:\Users\Eng.Ivan\.m2\repository\org\codehaus\plexus\plexus-utils\1.0.4\plexus-utils-1.0.4.jar;C:\Users\Eng.Ivan\.m2\repository\org\apache\maven\maven-artifact\2.0\maven-artifact-2.0.jar;C:\Users\Eng.Ivan\.m2\repository\org\codehaus\plexus\plexus-container-default\1.0-alpha-8\plexus-container-default-1.0-alpha-8.jar;C:\Users\Eng.Ivan\.m2\repository\classworlds\classworlds\1.1-alpha-2\classworlds-1.1-alpha-2.jar;C:\Users\Eng.Ivan\.m2\repository\mysql\mysql-connector-java\5.1.6\mysql-connector-java-5.1.6.jar;C:\Users\Eng.Ivan\.m2\repository\joda-time\joda-time\2.0\joda-time-2.0.jar;C:\Users\Eng.Ivan\.m2\repository\com\googlecode\json-simple\json-simple\1.1.1\json-simple-1.1.1.jar;C:\Users\Eng.Ivan\.m2\repository\org\slf4j\slf4j-api\1.6.1\slf4j-api-1.6.1.jar;C:\Users\Eng.Ivan\.m2\repository\org\slf4j\slf4j-log4j12\1.6.1\slf4j-log4j12-1.6.1.jar;C:\Users\Eng.Ivan\.m2\repository\log4j\log4j\1.2.16\log4j-1.2.16.jar;C:\Users\Eng.Ivan\.m2\repository\org\slf4j\jcl-over-slf4j\1.6.1\jcl-over-slf4j-1.6.1.jar;C:\Users\Eng.Ivan\.m2\repository\javax\servlet\jsp\jsp-api\2.1\jsp-api-2.1.jar;C:\Users\Eng.Ivan\.m2\repository\javax\servlet\jstl\1.2\jstl-1.2.jar;C:\Users\Eng.Ivan\.m2\repository\javax\servlet\javax.servlet-api\3.1.0\javax.servlet-api-3.1.0.jar;C:\Users\Eng.Ivan\.m2\repository\commons-fileupload\commons-fileupload\1.3\commons-fileupload-1.3.jar;C:\Users\Eng.Ivan\.m2\repository\org\webjars\font-awesome\4.0.3\font-awesome-4.0.3.jar;C:\Users\Eng.Ivan\.m2\repository\org\webjars\bootstrap\2.3.2\bootstrap-2.3.2.jar;C:\Users\Eng.Ivan\.m2\repository\org\webjars\jquery\1.9.0\jquery-1.9.0.jar;C:\Users\Eng.Ivan\.m2\repository\com\itextpdf\itextpdf\5.4.2\itextpdf-5.4.2.jar;C:\Users\Eng.Ivan\.m2\repository\com\lowagie\itext\2.1.7\itext-2.1.7.jar;C:\Users\Eng.Ivan\.m2\repository\bouncycastle\bcmail-jdk14\138\bcmail-jdk14-138.jar;C:\Users\Eng.Ivan\.m2\repository\bouncycastle\bcprov-jdk14\138\bcprov-jdk14-138.jar;C:\Users\Eng.Ivan\.m2\repository\org\bouncycastle\bctsp-jdk14\1.38\bctsp-jdk14-1.38.jar;C:\Users\Eng.Ivan\.m2\repository\org\bouncycastle\bcprov-jdk14\1.38\bcprov-jdk14-1.38.jar;C:\Users\Eng.Ivan\.m2\repository\org\bouncycastle\bcmail-jdk14\1.38\bcmail-jdk14-1.38.jar;C:\Users\Eng.Ivan\.m2\repository\org\apache\httpcomponents\httpclient\4.3.6\httpclient-4.3.6.jar;C:\Users\Eng.Ivan\.m2\repository\org\apache\httpcomponents\httpcore\4.3.3\httpcore-4.3.3.jar;C:\Users\Eng.Ivan\.m2\repository\commons-codec\commons-codec\1.6\commons-codec-1.6.jar;C:\Users\Eng.Ivan\.m2\repository\commons-httpclient\commons-httpclient\3.1\commons-httpclient-3.1.jar;C:\Users\Eng.Ivan\.m2\repository\org\codehaus\jackson\jackson-xc\1.9.11\jackson-xc-1.9.11.jar;C:\Users\Eng.Ivan\.m2\repository\org\codehaus\jackson\jackson-core-asl\1.9.11\jackson-core-asl-1.9.11.jar;C:\Users\Eng.Ivan\.m2\repository\org\codehaus\jackson\jackson-mapper-asl\1.9.11\jackson-mapper-asl-1.9.11.jar;C:\Users\Eng.Ivan\.m2\repository\org\json\json\20080701\json-20080701.jar;C:\Users\Eng.Ivan\.m2\repository\com\google\guava\guava\18.0\guava-18.0.jar;C:\Users\Eng.Ivan\.m2\repository\com\sun\jersey\jersey-client\1.19\jersey-client-1.19.jar;C:\Users\Eng.Ivan\.m2\repository\com\sun\jersey\jersey-core\1.19\jersey-core-1.19.jar;C:\Users\Eng.Ivan\.m2\repository\javax\ws\rs\jsr311-api\1.1.1\jsr311-api-1.1.1.jar;"/>
    <property name="java.vm.vendor" value="Oracle Corporation"/>
    <property name="sun.arch.data.model" value="64"/>
    <property name="user.variant" value=""/>
    <property name="java.vendor.url" value="http://java.oracle.com/"/>
    <property name="user.timezone" value="Africa/Nairobi"/>
    <property name="java.vm.specification.version" value="1.8"/>
    <property name="os.name" value="Windows 10"/>
    <property name="user.country" value="US"/>
    <property name="sun.java.launcher" value="SUN_STANDARD"/>
    <property name="sun.boot.library.path" value="C:\Program Files\Java\jdk1.8.0_191\jre\bin"/>
    <property name="sun.java.command" value="C:\Users\ENG~1.IVA\AppData\Local\Temp\surefire7620639881842141242\surefirebooter4095522234073273821.jar C:\Users\Eng.Ivan\AppData\Local\Temp\surefire7620639881842141242 2020-10-21T10-04-34_411-jvmRun1 surefire6531397860896804933tmp surefire_01961960734290446909tmp"/>
    <property name="surefire.test.class.path" value="C:\Users\Eng.Ivan\Desktop\FMS\fms-services\target\test-classes;C:\Users\Eng.Ivan\Desktop\FMS\fms-services\target\classes;C:\Users\Eng.Ivan\.m2\repository\junit\junit\4.11\junit-4.11.jar;C:\Users\Eng.Ivan\.m2\repository\org\hamcrest\hamcrest-core\1.3\hamcrest-core-1.3.jar;C:\Users\Eng.Ivan\.m2\repository\com\squareup\okhttp3\okhttp\3.4.2\okhttp-3.4.2.jar;C:\Users\Eng.Ivan\.m2\repository\com\squareup\okio\okio\1.9.0\okio-1.9.0.jar;C:\Users\Eng.Ivan\.m2\repository\org\sers\webutils\webutils\1.0-SNAPSHOT\webutils-1.0-SNAPSHOT.jar;C:\Users\Eng.Ivan\.m2\repository\org\pahappa\systems\fms-models\1.0-SNAPSHOT\fms-models-1.0-SNAPSHOT.jar;C:\Users\Eng.Ivan\.m2\repository\org\hibernate\javax\persistence\hibernate-jpa-2.1-api\1.0.0.Final\hibernate-jpa-2.1-api-1.0.0.Final.jar;C:\Users\Eng.Ivan\.m2\repository\org\apache\commons\commons-lang3\3.3.2\commons-lang3-3.3.2.jar;C:\Users\Eng.Ivan\.m2\repository\org\apache\commons\commons-collections4\4.0\commons-collections4-4.0.jar;C:\Users\Eng.Ivan\.m2\repository\org\springframework\spring-core\3.1.1.RELEASE\spring-core-3.1.1.RELEASE.jar;C:\Users\Eng.Ivan\.m2\repository\org\springframework\spring-asm\3.1.1.RELEASE\spring-asm-3.1.1.RELEASE.jar;C:\Users\Eng.Ivan\.m2\repository\org\springframework\spring-context\3.1.1.RELEASE\spring-context-3.1.1.RELEASE.jar;C:\Users\Eng.Ivan\.m2\repository\org\springframework\spring-aop\3.1.1.RELEASE\spring-aop-3.1.1.RELEASE.jar;C:\Users\Eng.Ivan\.m2\repository\org\springframework\spring-beans\3.1.1.RELEASE\spring-beans-3.1.1.RELEASE.jar;C:\Users\Eng.Ivan\.m2\repository\org\springframework\spring-expression\3.1.1.RELEASE\spring-expression-3.1.1.RELEASE.jar;C:\Users\Eng.Ivan\.m2\repository\org\springframework\spring-context-support\3.1.1.RELEASE\spring-context-support-3.1.1.RELEASE.jar;C:\Users\Eng.Ivan\.m2\repository\org\springframework\spring-orm\3.1.1.RELEASE\spring-orm-3.1.1.RELEASE.jar;C:\Users\Eng.Ivan\.m2\repository\org\springframework\spring-jdbc\3.1.1.RELEASE\spring-jdbc-3.1.1.RELEASE.jar;C:\Users\Eng.Ivan\.m2\repository\org\springframework\spring-tx\3.1.1.RELEASE\spring-tx-3.1.1.RELEASE.jar;C:\Users\Eng.Ivan\.m2\repository\org\springframework\security\spring-security-core\3.0.5.RELEASE\spring-security-core-3.0.5.RELEASE.jar;C:\Users\Eng.Ivan\.m2\repository\org\aspectj\aspectjrt\1.6.8\aspectjrt-1.6.8.jar;C:\Users\Eng.Ivan\.m2\repository\org\aspectj\aspectjweaver\1.6.8\aspectjweaver-1.6.8.jar;C:\Users\Eng.Ivan\.m2\repository\org\springframework\security\spring-security-config\3.0.5.RELEASE\spring-security-config-3.0.5.RELEASE.jar;C:\Users\Eng.Ivan\.m2\repository\org\springframework\spring-webmvc\3.1.1.RELEASE\spring-webmvc-3.1.1.RELEASE.jar;C:\Users\Eng.Ivan\.m2\repository\org\springframework\spring-web\3.1.1.RELEASE\spring-web-3.1.1.RELEASE.jar;C:\Users\Eng.Ivan\.m2\repository\aopalliance\aopalliance\1.0\aopalliance-1.0.jar;C:\Users\Eng.Ivan\.m2\repository\org\hibernate\hibernate-entitymanager\3.5.6-Final\hibernate-entitymanager-3.5.6-Final.jar;C:\Users\Eng.Ivan\.m2\repository\org\hibernate\hibernate-core\3.5.6-Final\hibernate-core-3.5.6-Final.jar;C:\Users\Eng.Ivan\.m2\repository\antlr\antlr\2.7.6\antlr-2.7.6.jar;C:\Users\Eng.Ivan\.m2\repository\dom4j\dom4j\1.6.1\dom4j-1.6.1.jar;C:\Users\Eng.Ivan\.m2\repository\xml-apis\xml-apis\1.0.b2\xml-apis-1.0.b2.jar;C:\Users\Eng.Ivan\.m2\repository\javax\transaction\jta\1.1\jta-1.1.jar;C:\Users\Eng.Ivan\.m2\repository\org\hibernate\hibernate-c3p0\3.5.6-Final\hibernate-c3p0-3.5.6-Final.jar;C:\Users\Eng.Ivan\.m2\repository\c3p0\c3p0\0.9.1\c3p0-0.9.1.jar;C:\Users\Eng.Ivan\.m2\repository\javax\validation\validation-api\1.1.0.Final\validation-api-1.1.0.Final.jar;C:\Users\Eng.Ivan\.m2\repository\org\hibernate\hibernate-validator\5.0.1.Final\hibernate-validator-5.0.1.Final.jar;C:\Users\Eng.Ivan\.m2\repository\org\jboss\logging\jboss-logging\3.1.1.GA\jboss-logging-3.1.1.GA.jar;C:\Users\Eng.Ivan\.m2\repository\com\fasterxml\classmate\0.8.0\classmate-0.8.0.jar;C:\Users\Eng.Ivan\.m2\repository\org\hibernate\javax\persistence\hibernate-jpa-2.0-api\1.0.0.Final\hibernate-jpa-2.0-api-1.0.0.Final.jar;C:\Users\Eng.Ivan\.m2\repository\org\hibernate\hibernate-annotations\3.5.6-Final\hibernate-annotations-3.5.6-Final.jar;C:\Users\Eng.Ivan\.m2\repository\org\hibernate\hibernate-commons-annotations\3.2.0.Final\hibernate-commons-annotations-3.2.0.Final.jar;C:\Users\Eng.Ivan\.m2\repository\net\sf\ehcache\ehcache-core\2.3.1\ehcache-core-2.3.1.jar;C:\Users\Eng.Ivan\.m2\repository\javassist\javassist\3.12.1.GA\javassist-3.12.1.GA.jar;C:\Users\Eng.Ivan\.m2\repository\org\apache\poi\poi-ooxml\4.1.0\poi-ooxml-4.1.0.jar;C:\Users\Eng.Ivan\.m2\repository\org\apache\poi\poi\4.1.0\poi-4.1.0.jar;C:\Users\Eng.Ivan\.m2\repository\org\apache\commons\commons-math3\3.6.1\commons-math3-3.6.1.jar;C:\Users\Eng.Ivan\.m2\repository\org\apache\poi\poi-ooxml-schemas\4.1.0\poi-ooxml-schemas-4.1.0.jar;C:\Users\Eng.Ivan\.m2\repository\org\apache\xmlbeans\xmlbeans\3.1.0\xmlbeans-3.1.0.jar;C:\Users\Eng.Ivan\.m2\repository\org\apache\commons\commons-compress\1.18\commons-compress-1.18.jar;C:\Users\Eng.Ivan\.m2\repository\com\github\virtuald\curvesapi\1.06\curvesapi-1.06.jar;C:\Users\Eng.Ivan\.m2\repository\commons-validator\commons-validator\1.4.0\commons-validator-1.4.0.jar;C:\Users\Eng.Ivan\.m2\repository\commons-beanutils\commons-beanutils\1.8.3\commons-beanutils-1.8.3.jar;C:\Users\Eng.Ivan\.m2\repository\commons-digester\commons-digester\1.8\commons-digester-1.8.jar;C:\Users\Eng.Ivan\.m2\repository\org\aspectj\aspectjtools\1.6.2\aspectjtools-1.6.2.jar;C:\Users\Eng.Ivan\.m2\repository\com\googlecode\genericdao\dao\1.1.0\dao-1.1.0.jar;C:\Users\Eng.Ivan\.m2\repository\com\googlecode\genericdao\dao-hibernate\1.0.0\dao-hibernate-1.0.0.jar;C:\Users\Eng.Ivan\.m2\repository\com\googlecode\genericdao\search-hibernate\1.0.0\search-hibernate-1.0.0.jar;C:\Users\Eng.Ivan\.m2\repository\com\googlecode\genericdao\search\1.1.0\search-1.1.0.jar;C:\Users\Eng.Ivan\.m2\repository\commons-lang\commons-lang\2.5\commons-lang-2.5.jar;C:\Users\Eng.Ivan\.m2\repository\commons-logging\commons-logging\1.1.1\commons-logging-1.1.1.jar;C:\Users\Eng.Ivan\.m2\repository\commons-collections\commons-collections\3.1\commons-collections-3.1.jar;C:\Users\Eng.Ivan\.m2\repository\commons-io\commons-io\1.4\commons-io-1.4.jar;C:\Users\Eng.Ivan\.m2\repository\com\thoughtworks\xstream\xstream\1.3.1\xstream-1.3.1.jar;C:\Users\Eng.Ivan\.m2\repository\xpp3\xpp3_min\1.1.4c\xpp3_min-1.1.4c.jar;C:\Users\Eng.Ivan\.m2\repository\net\sourceforge\jtds\jtds\1.2.4\jtds-1.2.4.jar;C:\Users\Eng.Ivan\.m2\repository\org\dbunit\dbunit\2.4.8\dbunit-2.4.8.jar;C:\Users\Eng.Ivan\.m2\repository\org\hsqldb\hsqldb\2.2.8\hsqldb-2.2.8.jar;C:\Users\Eng.Ivan\.m2\repository\org\springframework\spring-test\3.1.1.RELEASE\spring-test-3.1.1.RELEASE.jar;C:\Users\Eng.Ivan\.m2\repository\org\easymock\easymock\3.0\easymock-3.0.jar;C:\Users\Eng.Ivan\.m2\repository\cglib\cglib-nodep\2.2\cglib-nodep-2.2.jar;C:\Users\Eng.Ivan\.m2\repository\org\objenesis\objenesis\1.2\objenesis-1.2.jar;C:\Users\Eng.Ivan\.m2\repository\javax\mail\mail\1.4\mail-1.4.jar;C:\Users\Eng.Ivan\.m2\repository\javax\activation\activation\1.1\activation-1.1.jar;C:\Users\Eng.Ivan\.m2\repository\cglib\cglib\2.2.2\cglib-2.2.2.jar;C:\Users\Eng.Ivan\.m2\repository\asm\asm\3.3.1\asm-3.3.1.jar;C:\Users\Eng.Ivan\.m2\repository\org\liquibase\liquibase-core\1.9.5\liquibase-core-1.9.5.jar;C:\Users\Eng.Ivan\.m2\repository\org\liquibase\ext\liquibase-hibernate\2.0.0\liquibase-hibernate-2.0.0.jar;C:\Users\Eng.Ivan\.m2\repository\org\liquibase\liquibase-maven-plugin\2.0.0\liquibase-maven-plugin-2.0.0.jar;C:\Users\Eng.Ivan\.m2\repository\org\apache\maven\maven-plugin-api\2.0\maven-plugin-api-2.0.jar;C:\Users\Eng.Ivan\.m2\repository\org\apache\maven\maven-project\2.0\maven-project-2.0.jar;C:\Users\Eng.Ivan\.m2\repository\org\apache\maven\maven-profile\2.0\maven-profile-2.0.jar;C:\Users\Eng.Ivan\.m2\repository\org\apache\maven\maven-model\2.0\maven-model-2.0.jar;C:\Users\Eng.Ivan\.m2\repository\org\apache\maven\maven-artifact-manager\2.0\maven-artifact-manager-2.0.jar;C:\Users\Eng.Ivan\.m2\repository\org\apache\maven\maven-repository-metadata\2.0\maven-repository-metadata-2.0.jar;C:\Users\Eng.Ivan\.m2\repository\org\apache\maven\wagon\wagon-provider-api\1.0-alpha-5\wagon-provider-api-1.0-alpha-5.jar;C:\Users\Eng.Ivan\.m2\repository\org\codehaus\plexus\plexus-utils\1.0.4\plexus-utils-1.0.4.jar;C:\Users\Eng.Ivan\.m2\repository\org\apache\maven\maven-artifact\2.0\maven-artifact-2.0.jar;C:\Users\Eng.Ivan\.m2\repository\org\codehaus\plexus\plexus-container-default\1.0-alpha-8\plexus-container-default-1.0-alpha-8.jar;C:\Users\Eng.Ivan\.m2\repository\classworlds\classworlds\1.1-alpha-2\classworlds-1.1-alpha-2.jar;C:\Users\Eng.Ivan\.m2\repository\mysql\mysql-connector-java\5.1.6\mysql-connector-java-5.1.6.jar;C:\Users\Eng.Ivan\.m2\repository\joda-time\joda-time\2.0\joda-time-2.0.jar;C:\Users\Eng.Ivan\.m2\repository\com\googlecode\json-simple\json-simple\1.1.1\json-simple-1.1.1.jar;C:\Users\Eng.Ivan\.m2\repository\org\slf4j\slf4j-api\1.6.1\slf4j-api-1.6.1.jar;C:\Users\Eng.Ivan\.m2\repository\org\slf4j\slf4j-log4j12\1.6.1\slf4j-log4j12-1.6.1.jar;C:\Users\Eng.Ivan\.m2\repository\log4j\log4j\1.2.16\log4j-1.2.16.jar;C:\Users\Eng.Ivan\.m2\repository\org\slf4j\jcl-over-slf4j\1.6.1\jcl-over-slf4j-1.6.1.jar;C:\Users\Eng.Ivan\.m2\repository\javax\servlet\jsp\jsp-api\2.1\jsp-api-2.1.jar;C:\Users\Eng.Ivan\.m2\repository\javax\servlet\jstl\1.2\jstl-1.2.jar;C:\Users\Eng.Ivan\.m2\repository\javax\servlet\javax.servlet-api\3.1.0\javax.servlet-api-3.1.0.jar;C:\Users\Eng.Ivan\.m2\repository\commons-fileupload\commons-fileupload\1.3\commons-fileupload-1.3.jar;C:\Users\Eng.Ivan\.m2\repository\org\webjars\font-awesome\4.0.3\font-awesome-4.0.3.jar;C:\Users\Eng.Ivan\.m2\repository\org\webjars\bootstrap\2.3.2\bootstrap-2.3.2.jar;C:\Users\Eng.Ivan\.m2\repository\org\webjars\jquery\1.9.0\jquery-1.9.0.jar;C:\Users\Eng.Ivan\.m2\repository\com\itextpdf\itextpdf\5.4.2\itextpdf-5.4.2.jar;C:\Users\Eng.Ivan\.m2\repository\com\lowagie\itext\2.1.7\itext-2.1.7.jar;C:\Users\Eng.Ivan\.m2\repository\bouncycastle\bcmail-jdk14\138\bcmail-jdk14-138.jar;C:\Users\Eng.Ivan\.m2\repository\bouncycastle\bcprov-jdk14\138\bcprov-jdk14-138.jar;C:\Users\Eng.Ivan\.m2\repository\org\bouncycastle\bctsp-jdk14\1.38\bctsp-jdk14-1.38.jar;C:\Users\Eng.Ivan\.m2\repository\org\bouncycastle\bcprov-jdk14\1.38\bcprov-jdk14-1.38.jar;C:\Users\Eng.Ivan\.m2\repository\org\bouncycastle\bcmail-jdk14\1.38\bcmail-jdk14-1.38.jar;C:\Users\Eng.Ivan\.m2\repository\org\apache\httpcomponents\httpclient\4.3.6\httpclient-4.3.6.jar;C:\Users\Eng.Ivan\.m2\repository\org\apache\httpcomponents\httpcore\4.3.3\httpcore-4.3.3.jar;C:\Users\Eng.Ivan\.m2\repository\commons-codec\commons-codec\1.6\commons-codec-1.6.jar;C:\Users\Eng.Ivan\.m2\repository\commons-httpclient\commons-httpclient\3.1\commons-httpclient-3.1.jar;C:\Users\Eng.Ivan\.m2\repository\org\codehaus\jackson\jackson-xc\1.9.11\jackson-xc-1.9.11.jar;C:\Users\Eng.Ivan\.m2\repository\org\codehaus\jackson\jackson-core-asl\1.9.11\jackson-core-asl-1.9.11.jar;C:\Users\Eng.Ivan\.m2\repository\org\codehaus\jackson\jackson-mapper-asl\1.9.11\jackson-mapper-asl-1.9.11.jar;C:\Users\Eng.Ivan\.m2\repository\org\json\json\20080701\json-20080701.jar;C:\Users\Eng.Ivan\.m2\repository\com\google\guava\guava\18.0\guava-18.0.jar;C:\Users\Eng.Ivan\.m2\repository\com\sun\jersey\jersey-client\1.19\jersey-client-1.19.jar;C:\Users\Eng.Ivan\.m2\repository\com\sun\jersey\jersey-core\1.19\jersey-core-1.19.jar;C:\Users\Eng.Ivan\.m2\repository\javax\ws\rs\jsr311-api\1.1.1\jsr311-api-1.1.1.jar;"/>
    <property name="sun.cpu.endian" value="little"/>
    <property name="user.home" value="C:\Users\Eng.Ivan"/>
    <property name="user.language" value="en"/>
    <property name="java.specification.vendor" value="Oracle Corporation"/>
    <property name="java.home" value="C:\Program Files\Java\jdk1.8.0_191\jre"/>
    <property name="basedir" value="C:\Users\Eng.Ivan\Desktop\FMS\fms-services"/>
    <property name="file.separator" value="\"/>
    <property name="line.separator" value="&#10;"/>
    <property name="java.vm.specification.vendor" value="Oracle Corporation"/>
    <property name="java.specification.name" value="Java Platform API Specification"/>
    <property name="java.awt.graphicsenv" value="sun.awt.Win32GraphicsEnvironment"/>
    <property name="surefire.real.class.path" value="C:\Users\ENG~1.IVA\AppData\Local\Temp\surefire7620639881842141242\surefirebooter4095522234073273821.jar"/>
    <property name="sun.boot.class.path" value="C:\Program Files\Java\jdk1.8.0_191\jre\lib\resources.jar;C:\Program Files\Java\jdk1.8.0_191\jre\lib\rt.jar;C:\Program Files\Java\jdk1.8.0_191\jre\lib\sunrsasign.jar;C:\Program Files\Java\jdk1.8.0_191\jre\lib\jsse.jar;C:\Program Files\Java\jdk1.8.0_191\jre\lib\jce.jar;C:\Program Files\Java\jdk1.8.0_191\jre\lib\charsets.jar;C:\Program Files\Java\jdk1.8.0_191\jre\lib\jfr.jar;C:\Program Files\Java\jdk1.8.0_191\jre\classes"/>
    <property name="user.script" value=""/>
    <property name="sun.management.compiler" value="HotSpot 64-Bit Tiered Compilers"/>
    <property name="java.runtime.version" value="1.8.0_191-b12"/>
    <property name="user.name" value="Eng.Ivan"/>
    <property name="path.separator" value=";"/>
    <property name="os.version" value="10.0"/>
    <property name="java.endorsed.dirs" value="C:\Program Files\Java\jdk1.8.0_191\jre\lib\endorsed"/>
    <property name="java.runtime.name" value="Java(TM) SE Runtime Environment"/>
    <property name="file.encoding" value="Cp1252"/>
    <property name="java.vm.name" value="Java HotSpot(TM) 64-Bit Server VM"/>
    <property name="localRepository" value="C:\Users\Eng.Ivan\.m2\repository"/>
    <property name="java.vendor.url.bug" value="http://bugreport.sun.com/bugreport/"/>
    <property name="java.io.tmpdir" value="C:\Users\ENG~1.IVA\AppData\Local\Temp\"/>
    <property name="java.version" value="1.8.0_191"/>
    <property name="user.dir" value="C:\Users\Eng.Ivan\Desktop\FMS\fms-services"/>
    <property name="os.arch" value="amd64"/>
    <property name="java.vm.specification.name" value="Java Virtual Machine Specification"/>
    <property name="java.awt.printerjob" value="sun.awt.windows.WPrinterJob"/>
    <property name="sun.os.patch.level" value=""/>
    <property name="java.library.path" value="C:\Program Files\Java\jdk1.8.0_191\jre\bin;C:\Windows\Sun\Java\bin;C:\Windows\system32;C:\Windows;C:\Python27\;C:\Python27\Scripts;C:\Program Files (x86)\Common Files\Oracle\Java\javapath;C:\Windows\system32;C:\Windows;C:\Windows\System32\Wbem;C:\Windows\System32\WindowsPowerShell\v1.0\;C:\Windows\System32\OpenSSH\;C:\Program Files\nodejs\;C:\ProgramData\chocolatey\bin;C:\Program Files\Git\cmd;C:\xampp\php;C:\ProgramData\ComposerSetup\bin;C:\Program Files (x86)\QuickTime\QTSystem\;C:\Ruby27-x64\bin;C:\Users\Eng.Ivan\AppData\Local\Microsoft\WindowsApps;C:\Users\Eng.Ivan\AppData\Roaming\npm;C:\Users\Eng.Ivan\AppData\Roaming\Composer\vendor\bin;C:\Users\Eng.Ivan\Downloads\apache-maven-3.6.3-bin\apache-maven-3.6.3\bin;C:\Program Files\JetBrains\IntelliJ IDEA Community Edition 2019.2.3\bin;;C:\Program Files\JetBrains\IntelliJ IDEA 2019.3.2\bin;;."/>
    <property name="idea.version2019.3.2" value="true"/>
    <property name="java.vm.info" value="mixed mode"/>
    <property name="java.vendor" value="Oracle Corporation"/>
    <property name="java.vm.version" value="25.191-b12"/>
    <property name="java.ext.dirs" value="C:\Program Files\Java\jdk1.8.0_191\jre\lib\ext;C:\Windows\Sun\Java\lib\ext"/>
    <property name="sun.io.unicode.encoding" value="UnicodeLittle"/>
    <property name="java.class.version" value="52.0"/>
  </properties>
  <testcase name="shouldAnswerWithTrue" classname="org.pahappa.systems.AppTest" time="0.016"/>
</testsuite>